C:\USERS\LUOYIZHEN\DESKTOP\CODES\大作业\SRC\JUMPINGGAME\RELEASE\JUMPINGGAME.OBJ
C:\USERS\LUOYIZHEN\DESKTOP\CODES\大作业\SRC\JUMPINGGAME\RELEASE\VC110.PDB
C:\USERS\LUOYIZHEN\DESKTOP\CODES\大作业\SRC\RELEASE\JUMPINGGAME.EXE
C:\USERS\LUOYIZHEN\DESKTOP\CODES\大作业\SRC\RELEASE\JUMPINGGAME.PDB
C:\USERS\LUOYIZHEN\DESKTOP\CODES\大作业\SRC\JUMPINGGAME\RELEASE\JUMPINGGAME.RES
C:\Users\luoyizhen\Desktop\codes\大作业\src\JumpingGame\Release\JumpingGame.obj
C:\Users\luoyizhen\Desktop\codes\大作业\src\JumpingGame\Release\cl.command.1.tlog
C:\Users\luoyizhen\Desktop\codes\大作业\src\JumpingGame\Release\CL.read.1.tlog
C:\Users\luoyizhen\Desktop\codes\大作业\src\JumpingGame\Release\CL.write.1.tlog
C:\Users\luoyizhen\Desktop\codes\大作业\src\JumpingGame\Release\link-cvtres.read.1.tlog
C:\Users\luoyizhen\Desktop\codes\大作业\src\JumpingGame\Release\link-cvtres.write.1.tlog
C:\Users\luoyizhen\Desktop\codes\大作业\src\JumpingGame\Release\link-rc.read.1.tlog
C:\Users\luoyizhen\Desktop\codes\大作业\src\JumpingGame\Release\link-rc.write.1.tlog
C:\Users\luoyizhen\Desktop\codes\大作业\src\JumpingGame\Release\link.command.1.tlog
C:\Users\luoyizhen\Desktop\codes\大作业\src\JumpingGame\Release\link.read.1.tlog
C:\Users\luoyizhen\Desktop\codes\大作业\src\JumpingGame\Release\link.read.2.tlog
C:\Users\luoyizhen\Desktop\codes\大作业\src\JumpingGame\Release\link.read.3.tlog
C:\Users\luoyizhen\Desktop\codes\大作业\src\JumpingGame\Release\link.write.1.tlog
C:\Users\luoyizhen\Desktop\codes\大作业\src\JumpingGame\Release\rc.command.1.tlog
C:\Users\luoyizhen\Desktop\codes\大作业\src\JumpingGame\Release\rc.read.1.tlog
C:\Users\luoyizhen\Desktop\codes\大作业\src\JumpingGame\Release\rc.write.1.tlog
C:\Users\luoyizhen\Desktop\codes\大作业\src\JumpingGame\Release\JumpingGame.res
C:\Users\luoyizhen\Desktop\codes\大作业\src\JumpingGame\Release\vc110.pdb
C:\Users\luoyizhen\Desktop\codes\大作业\src\Release\JumpingGame.pdb
C:\Users\luoyizhen\Desktop\codes\大作业\src\Release\JumpingGame.exe
